<?xml version="1.0" encoding="UTF-8"?>
<!-- Generated by org.testng.reporters.JUnitReportReporter -->
<testsuite hostname="DESKTOP-PI9175C" failures="0" tests="8" name="runner.TestRunner" time="35.695" errors="0" timestamp="2025-01-24T00:46:11 GMT" skipped="0">
  <testcase classname="runner.TestRunner" name="runScenario" time="5.774"/>
  <system-out/>
  <testcase classname="runner.TestRunner" name="runCucumber" time="0.001"/>
  <system-out/>
  <testcase classname="runner.TestRunner" name="runScenario" time="7.696"/>
  <system-out/>
  <testcase classname="runner.TestRunner" name="runScenario" time="5.695"/>
  <system-out/>
  <testcase classname="runner.TestRunner" name="runScenario" time="5.371"/>
  <system-out/>
  <testcase classname="runner.TestRunner" name="runCucumber" time="0.006"/>
  <system-out/>
  <testcase classname="runner.TestRunner" name="runScenario" time="5.497"/>
  <system-out/>
  <testcase classname="runner.TestRunner" name="runScenario" time="5.655"/>
  <system-out/>
</testsuite> <!-- runner.TestRunner -->
